[debug] [2025-07-10T19:11:22.871Z] ----------------------------------------------------------------------
[debug] [2025-07-10T19:11:22.874Z] Command:       /usr/local/bin/node /usr/local/bin/firebase init functions
[debug] [2025-07-10T19:11:22.875Z] CLI Version:   14.10.0
[debug] [2025-07-10T19:11:22.875Z] Platform:      darwin
[debug] [2025-07-10T19:11:22.875Z] Node Version:  v20.11.1
[debug] [2025-07-10T19:11:22.875Z] Time:          Thu Jul 10 2025 14:11:22 GMT-0500 (Central Daylight Time)
[debug] [2025-07-10T19:11:22.875Z] ----------------------------------------------------------------------
[debug] 
[debug] [2025-07-10T19:11:22.880Z] > command requires scopes: ["email","openid","https://www.googleapis.com/auth/cloudplatformprojects.readonly","https://www.googleapis.com/auth/firebase","https://www.googleapis.com/auth/cloud-platform"]
[debug] [2025-07-10T19:11:22.880Z] > authorizing via signed-in user (colinlanclos13@gmail.com)
[info] 
     ######## #### ########  ######## ########     ###     ######  ########
     ##        ##  ##     ## ##       ##     ##  ##   ##  ##       ##
     ######    ##  ########  ######   ########  #########  ######  ######
     ##        ##  ##    ##  ##       ##     ## ##     ##       ## ##
     ##       #### ##     ## ######## ########  ##     ##  ######  ########

You're about to initialize a Firebase project in this directory:

  /Users/colinlanclos/Documents/GitHub/TripPlanner

[info] 
=== Project Setup
[info] 
[info] First, let's associate this project directory with a Firebase project.
[info] You can create multiple project aliases by running firebase use --add, 
[info] but for now we'll just set up a default project.
[info] 
[debug] [2025-07-10T19:11:47.610Z] ExitPromptError: User force closed the prompt with SIGINT
    at Interface.sigint (/usr/local/lib/node_modules/firebase-tools/node_modules/@inquirer/core/dist/commonjs/lib/create-prompt.js:101:37)
    at Interface.emit (node:events:518:28)
    at Interface.emit (node:domain:488:12)
    at [_ttyWrite] [as _ttyWrite] (node:internal/readline/interface:1125:18)
    at ReadStream.onkeypress (node:internal/readline/interface:264:20)
    at ReadStream.emit (node:events:530:35)
    at ReadStream.emit (node:domain:488:12)
    at emitKeys (node:internal/readline/utils:371:14)
    at emitKeys.next (<anonymous>)
    at ReadStream.onData (node:internal/readline/emitKeypressEvents:64:36)
[error] 
[error] Error: An unexpected error has occurred.
